<?xml version="1.0" encoding="UTF-8"?>
<!-- Generated by org.testng.reporters.JUnitXMLReporter -->
<testsuite ignored="0" hostname="LAPTOP-O60ER99K" failures="0" tests="3" name="Default test" time="0.116" errors="0" timestamp="2024-08-08T09:48:09 IST">
  <testcase classname="TestNG.DataProvidersTest" name="bookTicketTest" time="0.01"/>
  <testcase classname="TestNG.DataProvidersTest" name="bookTicketTest" time="0.002"/>
  <testcase classname="TestNG.DataProvidersTest" name="bookTicketTest" time="0.003"/>
</testsuite> <!-- Default test -->
