<?xml version="1.0" encoding="UTF-8"?>
<!-- Generated by org.testng.reporters.JUnitXMLReporter -->
<testsuite ignored="0" hostname="LAPTOP-O60ER99K" failures="0" tests="5" name="Test" time="138.858" errors="0" timestamp="2024-08-07T12:55:17 IST">
  <testcase classname="TestNGImplementation.CreateEventTest" name="createEventTest" time="13.463"/>
  <testcase classname="TestNGImplementation.CreateOrganizationTest" name="createOrganizationTest" time="15.563"/>
  <testcase classname="TestNGImplementation.CreateandDuplicateLeadTest" name="createAndDuplicateLeadTest" time="23.364"/>
  <testcase classname="TestNGImplementation.CreateContactWithExistingOrgTest" name="createContact" time="20.394"/>
  <testcase classname="TestNGImplementation.CreateOrgwithTypeAndIndustryTest" name="createOrgwithTypeAndIndustryTest" time="15.171"/>
</testsuite> <!-- Test -->
